\BOOKMARK [1][-]{section.1}{Installation}{}% 1
\BOOKMARK [2][-]{subsection.1.1}{Dependencies}{section.1}% 2
\BOOKMARK [2][-]{subsection.1.2}{Obtaining guide\137bot}{section.1}% 3
\BOOKMARK [1][-]{section.2}{Basic use}{}% 4
\BOOKMARK [2][-]{subsection.2.1}{Running the MATLAB script}{section.2}% 5
\BOOKMARK [2][-]{subsection.2.2}{Running the optimizations}{section.2}% 6
\BOOKMARK [2][-]{subsection.2.3}{Plotting the results}{section.2}% 7
\BOOKMARK [1][-]{section.3}{The input file}{}% 8
\BOOKMARK [2][-]{subsection.3.1}{The source descriptions}{section.3}% 9
\BOOKMARK [2][-]{subsection.3.2}{The input string\(s\)}{section.3}% 10
\BOOKMARK [2][-]{subsection.3.3}{Line of sight}{section.3}% 11
\BOOKMARK [2][-]{subsection.3.4}{Details on options}{section.3}% 12
\BOOKMARK [2][-]{subsection.3.5}{Computing options}{section.3}% 13
\BOOKMARK [1][-]{section.4}{Details on modules}{}% 14
\BOOKMARK [2][-]{subsection.4.1}{Guides: S P E}{section.4}% 15
\BOOKMARK [2][-]{subsection.4.2}{Gap: G}{section.4}% 16
\BOOKMARK [2][-]{subsection.4.3}{Kink: K}{section.4}% 17
\BOOKMARK [2][-]{subsection.4.4}{Curved guide: C}{section.4}% 18
\BOOKMARK [2][-]{subsection.4.5}{Selene guide: Selene}{section.4}% 19
\BOOKMARK [2][-]{subsection.4.6}{Slit: Slit}{section.4}% 20
\BOOKMARK [1][-]{section.5}{Scanning demands}{}% 21
\BOOKMARK [1][-]{section.6}{Optimizer modes}{}% 22
